<?xml version="1.0" encoding="UTF-8"?>
<testsuite name="Test a los alert de la pagina" tests="1" skipped="0" failures="0" errors="0" timestamp="2022-08-20T12:47:36" hostname="LAPTOP-AU98DPFR" time="10.621">
  <properties/>
  <testcase name="Revisar color de boton al hacer hover" classname="Test a los alert de la pagina" time="10.621"/>
  <system-out><![CDATA[]]></system-out>
  <system-err><![CDATA[SLF4J: Failed to load class "org.slf4j.impl.StaticLoggerBinder".
SLF4J: Defaulting to no-operation (NOP) logger implementation
SLF4J: See http://www.slf4j.org/codes.html#StaticLoggerBinder for further details.
Starting ChromeDriver 103.0.5060.134 (8ec6fce403b3feb0869b0732eda8bd95011d333c-refs/branch-heads/5060@{#1262}) on port 60656
Only local connections are allowed.
Please see https://chromedriver.chromium.org/security-considerations for suggestions on keeping ChromeDriver safe.
ChromeDriver was started successfully.
[1660999662.669][WARNING]: This version of ChromeDriver has not been tested with Chrome version 104.
ago 20, 2022 7:47:42 AM org.openqa.selenium.remote.ProtocolHandshake createSession
INFORMACIÓN: Detected dialect: W3C
ago 20, 2022 7:47:43 AM org.openqa.selenium.devtools.CdpVersionFinder findNearestMatch
ADVERTENCIA: Unable to find an exact match for CDP version 104, so returning the closest version found: 101
ago 20, 2022 7:47:43 AM org.openqa.selenium.devtools.CdpVersionFinder findNearestMatch
INFORMACIÓN: Found CDP implementation for version 104 of 101
]]></system-err>
</testsuite>
